2022-02-13 13:14:26 INFO  Trace_Automationlog:92 - **********************Automation Execution Started*******************
2022-02-13 13:14:34 FATAL Trace_Automationlog:89 - Exception while executing 'getAndConvertToMap' method. null
2022-02-13 13:14:51 INFO  Trace_Automationlog:80 - Executing 'launchBrowser' method,The browser 'chrome' has launched successful
2022-02-13 13:15:44 INFO  Trace_Automationlog:92 - ****TC_CD_WayToAutomation_login:- started*****
2022-02-13 13:15:51 INFO  Trace_Automationlog:80 - The element 'way_Login' was clicked successful
2022-02-13 13:16:05 INFO  Trace_Automationlog:80 - The value 'santhosh.tp88@gmail.com' was entered in the element 'way_Umail' successful
2022-02-13 13:16:11 INFO  Trace_Automationlog:80 - The value 'santhosh' was entered in the element 'way_Pwd' successful
2022-02-13 13:16:21 INFO  Trace_Automationlog:80 - The element 'way_Submit' was clicked successful
2022-02-13 13:16:26 INFO  Trace_Automationlog:80 - 'TC_CD_WayToAutomation_login' script was Successful
2022-02-13 13:16:42 INFO  Trace_Automationlog:92 - **********************Automation Execution End*******************
2022-02-13 13:26:49 INFO  Trace_Automationlog:92 - **********************Automation Execution Started*******************
2022-02-13 13:29:34 FATAL Trace_Automationlog:89 - Exception while executing 'getAndConvertToMap' method. null
2022-02-13 21:46:37 INFO  Trace_Automationlog:92 - **********************Automation Execution Started*******************
2022-02-13 21:46:41 FATAL Trace_Automationlog:89 - Exception while executing 'getAndConvertToMap' method. null
2022-02-13 21:46:56 INFO  Trace_Automationlog:80 - Executing 'launchBrowser' method,The browser 'chrome' has launched successful
2022-02-13 21:47:26 INFO  Trace_Automationlog:92 - ****TC_CD_WayToAutomation_login:- started*****
2022-02-13 21:47:32 INFO  Trace_Automationlog:80 - The element 'way_Login' was clicked successful
2022-02-13 21:47:41 INFO  Trace_Automationlog:80 - The value 'santhosh.tp88@gmail.com' was entered in the element 'way_Umail' successful
2022-02-13 21:47:47 INFO  Trace_Automationlog:80 - The value 'santhosh' was entered in the element 'way_Pwd' successful
2022-02-13 21:47:56 INFO  Trace_Automationlog:80 - The element 'way_Submit' was clicked successful
2022-02-13 21:48:01 INFO  Trace_Automationlog:80 - 'TC_CD_WayToAutomation_login' script was Successful
2022-02-13 21:48:14 INFO  Trace_Automationlog:92 - **********************Automation Execution End*******************
